This is pdfTeX, Version 3.141592653-2.6-1.40.24 (TeX Live 2022/nixos.org) (preloaded format=pdflatex 1980.1.1)  7 NOV 2023 15:15
entering extended mode
 restricted \write18 enabled.
 file:line:error style messages enabled.
 %&-line parsing enabled.
**lab.tex
(./lab.tex
LaTeX2e <2022-11-01> patch level 1
L3 programming layer <2023-02-22>
(/nix/store/qfhla9w5z4xwnfr62vx33q6462fcjin3-texlive-combined-2022-texmfdist/te
x/latex/base/article.cls
Document Class: article 2022/07/02 v1.4n Standard LaTeX document class

(/nix/store/qfhla9w5z4xwnfr62vx33q6462fcjin3-texlive-combined-2022-texmfdist/te
x/latex/base/size10.clo
File: size10.clo 2022/07/02 v1.4n Standard LaTeX file (size option)
)
\c@part=\count185
\c@section=\count186
\c@subsection=\count187
\c@subsubsection=\count188
\c@paragraph=\count189
\c@subparagraph=\count190
\c@figure=\count191
\c@table=\count192
\abovecaptionskip=\skip48
\belowcaptionskip=\skip49
\bibindent=\dimen140
)
(/nix/store/qfhla9w5z4xwnfr62vx33q6462fcjin3-texlive-combined-2022-texmfdist/te
x/latex/amsfonts/amssymb.sty
Package: amssymb 2013/01/14 v3.01 AMS font symbols

(/nix/store/qfhla9w5z4xwnfr62vx33q6462fcjin3-texlive-combined-2022-texmfdist/te
x/latex/amsfonts/amsfonts.sty
Package: amsfonts 2013/01/14 v3.01 Basic AMSFonts support
\@emptytoks=\toks16
\symAMSa=\mathgroup4
\symAMSb=\mathgroup5
LaTeX Font Info:    Redeclaring math symbol \hbar on input line 98.
LaTeX Font Info:    Overwriting math alphabet `\mathfrak' in version `bold'
(Font)                  U/euf/m/n --> U/euf/b/n on input line 106.
))
(/nix/store/qfhla9w5z4xwnfr62vx33q6462fcjin3-texlive-combined-2022-texmfdist/te
x/latex/amsmath/amsmath.sty
Package: amsmath 2022/04/08 v2.17n AMS math features
\@mathmargin=\skip50

For additional information on amsmath, use the `?' option.

(/nix/store/qfhla9w5z4xwnfr62vx33q6462fcjin3-texlive-combined-2022-texmfdist/te
x/latex/amsmath/amstext.sty
Package: amstext 2021/08/26 v2.01 AMS text

(/nix/store/qfhla9w5z4xwnfr62vx33q6462fcjin3-texlive-combined-2022-texmfdist/te
x/latex/amsmath/amsgen.sty
File: amsgen.sty 1999/11/30 v2.0 generic functions
\@emptytoks=\toks17
\ex@=\dimen141
))
(/nix/store/qfhla9w5z4xwnfr62vx33q6462fcjin3-texlive-combined-2022-texmfdist/te
x/latex/amsmath/amsbsy.sty
Package: amsbsy 1999/11/29 v1.2d Bold Symbols
\pmbraise@=\dimen142
)
(/nix/store/qfhla9w5z4xwnfr62vx33q6462fcjin3-texlive-combined-2022-texmfdist/te
x/latex/amsmath/amsopn.sty
Package: amsopn 2022/04/08 v2.04 operator names
)
\inf@bad=\count193
LaTeX Info: Redefining \frac on input line 234.
\uproot@=\count194
\leftroot@=\count195
LaTeX Info: Redefining \overline on input line 399.
LaTeX Info: Redefining \colon on input line 410.
\classnum@=\count196
\DOTSCASE@=\count197
LaTeX Info: Redefining \ldots on input line 496.
LaTeX Info: Redefining \dots on input line 499.
LaTeX Info: Redefining \cdots on input line 620.
\Mathstrutbox@=\box51
\strutbox@=\box52
LaTeX Info: Redefining \big on input line 722.
LaTeX Info: Redefining \Big on input line 723.
LaTeX Info: Redefining \bigg on input line 724.
LaTeX Info: Redefining \Bigg on input line 725.
\big@size=\dimen143
LaTeX Font Info:    Redeclaring font encoding OML on input line 743.
LaTeX Font Info:    Redeclaring font encoding OMS on input line 744.
\macc@depth=\count198
LaTeX Info: Redefining \bmod on input line 905.
LaTeX Info: Redefining \pmod on input line 910.
LaTeX Info: Redefining \smash on input line 940.
LaTeX Info: Redefining \relbar on input line 970.
LaTeX Info: Redefining \Relbar on input line 971.
\c@MaxMatrixCols=\count199
\dotsspace@=\muskip16
\c@parentequation=\count266
\dspbrk@lvl=\count267
\tag@help=\toks18
\row@=\count268
\column@=\count269
\maxfields@=\count270
\andhelp@=\toks19
\eqnshift@=\dimen144
\alignsep@=\dimen145
\tagshift@=\dimen146
\tagwidth@=\dimen147
\totwidth@=\dimen148
\lineht@=\dimen149
\@envbody=\toks20
\multlinegap=\skip51
\multlinetaggap=\skip52
\mathdisplay@stack=\toks21
LaTeX Info: Redefining \[ on input line 2953.
LaTeX Info: Redefining \] on input line 2954.
)
(/nix/store/qfhla9w5z4xwnfr62vx33q6462fcjin3-texlive-combined-2022-texmfdist/te
x/latex/graphics/graphicx.sty
Package: graphicx 2021/09/16 v1.2d Enhanced LaTeX Graphics (DPC,SPQR)

(/nix/store/qfhla9w5z4xwnfr62vx33q6462fcjin3-texlive-combined-2022-texmfdist/te
x/latex/graphics/keyval.sty
Package: keyval 2022/05/29 v1.15 key=value parser (DPC)
\KV@toks@=\toks22
)
(/nix/store/qfhla9w5z4xwnfr62vx33q6462fcjin3-texlive-combined-2022-texmfdist/te
x/latex/graphics/graphics.sty
Package: graphics 2022/03/10 v1.4e Standard LaTeX Graphics (DPC,SPQR)

(/nix/store/qfhla9w5z4xwnfr62vx33q6462fcjin3-texlive-combined-2022-texmfdist/te
x/latex/graphics/trig.sty
Package: trig 2021/08/11 v1.11 sin cos tan (DPC)
)
(/nix/store/qfhla9w5z4xwnfr62vx33q6462fcjin3-texlive-combined-2022-texmfdist/te
x/latex/graphics-cfg/graphics.cfg
File: graphics.cfg 2016/06/04 v1.11 sample graphics configuration
)
Package graphics Info: Driver file: pdftex.def on input line 107.

(/nix/store/qfhla9w5z4xwnfr62vx33q6462fcjin3-texlive-combined-2022-texmfdist/te
x/latex/graphics-def/pdftex.def
File: pdftex.def 2022/09/22 v1.2b Graphics/color driver for pdftex
))
\Gin@req@height=\dimen150
\Gin@req@width=\dimen151
)
(/nix/store/qfhla9w5z4xwnfr62vx33q6462fcjin3-texlive-combined-2022-texmfdist/te
x/latex/mathtools/mathtools.sty
Package: mathtools 2022/06/29 v1.29 mathematical typesetting tools

(/nix/store/qfhla9w5z4xwnfr62vx33q6462fcjin3-texlive-combined-2022-texmfdist/te
x/latex/tools/calc.sty
Package: calc 2017/05/25 v4.3 Infix arithmetic (KKT,FJ)
\calc@Acount=\count271
\calc@Bcount=\count272
\calc@Adimen=\dimen152
\calc@Bdimen=\dimen153
\calc@Askip=\skip53
\calc@Bskip=\skip54
LaTeX Info: Redefining \setlength on input line 80.
LaTeX Info: Redefining \addtolength on input line 81.
\calc@Ccount=\count273
\calc@Cskip=\skip55
)
(/nix/store/qfhla9w5z4xwnfr62vx33q6462fcjin3-texlive-combined-2022-texmfdist/te
x/latex/mathtools/mhsetup.sty
Package: mhsetup 2021/03/18 v1.4 programming setup (MH)
)
\g_MT_multlinerow_int=\count274
\l_MT_multwidth_dim=\dimen154
\origjot=\skip56
\l_MT_shortvdotswithinadjustabove_dim=\dimen155
\l_MT_shortvdotswithinadjustbelow_dim=\dimen156
\l_MT_above_intertext_sep=\dimen157
\l_MT_below_intertext_sep=\dimen158
\l_MT_above_shortintertext_sep=\dimen159
\l_MT_below_shortintertext_sep=\dimen160
\xmathstrut@box=\box53
\xmathstrut@dim=\dimen161
)
(/nix/store/qfhla9w5z4xwnfr62vx33q6462fcjin3-texlive-combined-2022-texmfdist/te
x/latex/xcolor/xcolor.sty
Package: xcolor 2022/06/12 v2.14 LaTeX color extensions (UK)

(/nix/store/qfhla9w5z4xwnfr62vx33q6462fcjin3-texlive-combined-2022-texmfdist/te
x/latex/graphics-cfg/color.cfg
File: color.cfg 2016/01/02 v1.6 sample color configuration
)
Package xcolor Info: Package option `usenames' ignored on input line 218.
Package xcolor Info: Driver file: pdftex.def on input line 227.

(/nix/store/qfhla9w5z4xwnfr62vx33q6462fcjin3-texlive-combined-2022-texmfdist/te
x/latex/colortbl/colortbl.sty
Package: colortbl 2022/06/20 v1.0f Color table columns (DPC)

(/nix/store/qfhla9w5z4xwnfr62vx33q6462fcjin3-texlive-combined-2022-texmfdist/te
x/latex/tools/array.sty
Package: array 2022/09/04 v2.5g Tabular extension package (FMi)
\col@sep=\dimen162
\ar@mcellbox=\box54
\extrarowheight=\dimen163
\NC@list=\toks23
\extratabsurround=\skip57
\backup@length=\skip58
\ar@cellbox=\box55
)
\everycr=\toks24
\minrowclearance=\skip59
\rownum=\count275
)
(/nix/store/qfhla9w5z4xwnfr62vx33q6462fcjin3-texlive-combined-2022-texmfdist/te
x/latex/graphics/mathcolor.ltx)
Package xcolor Info: Model `cmy' substituted by `cmy0' on input line 1353.
Package xcolor Info: Model `hsb' substituted by `rgb' on input line 1357.
Package xcolor Info: Model `RGB' extended on input line 1369.
Package xcolor Info: Model `HTML' substituted by `rgb' on input line 1371.
Package xcolor Info: Model `Hsb' substituted by `hsb' on input line 1372.
Package xcolor Info: Model `tHsb' substituted by `hsb' on input line 1373.
Package xcolor Info: Model `HSB' substituted by `hsb' on input line 1374.
Package xcolor Info: Model `Gray' substituted by `gray' on input line 1375.
Package xcolor Info: Model `wave' substituted by `hsb' on input line 1376.

(/nix/store/qfhla9w5z4xwnfr62vx33q6462fcjin3-texlive-combined-2022-texmfdist/te
x/latex/graphics/dvipsnam.def
File: dvipsnam.def 2016/06/17 v3.0m Driver-dependent file (DPC,SPQR)
)
(/nix/store/qfhla9w5z4xwnfr62vx33q6462fcjin3-texlive-combined-2022-texmfdist/te
x/latex/xcolor/svgnam.def
File: svgnam.def 2022/06/12 v2.14 Predefined colors according to SVG 1.1 (UK)
))
(/nix/store/qfhla9w5z4xwnfr62vx33q6462fcjin3-texlive-combined-2022-texmfdist/te
x/latex/multirow/multirow.sty
Package: multirow 2021/03/15 v2.8 Span multiple rows of a table
\multirow@colwidth=\skip60
\multirow@cntb=\count276
\multirow@dima=\skip61
\bigstrutjot=\dimen164
)
(/nix/store/qfhla9w5z4xwnfr62vx33q6462fcjin3-texlive-combined-2022-texmfdist/te
x/latex/vmargin/vmargin.sty
Package: vmargin 2004/07/15 V2.5 set document margins (VK)

Package: vmargin 2004/07/15 V2.5 set document margins (VK)
\PaperWidth=\dimen165
\PaperHeight=\dimen166
)
(/nix/store/qfhla9w5z4xwnfr62vx33q6462fcjin3-texlive-combined-2022-texmfdist/te
x/latex/l3backend/l3backend-pdftex.def
File: l3backend-pdftex.def 2023-01-16 L3 backend support: PDF output (pdfTeX)
\l__color_backend_stack_int=\count277
\l__pdf_internal_box=\box56
) (./lab.aux)
\openout1 = `lab.aux'.

LaTeX Font Info:    Checking defaults for OML/cmm/m/it on input line 44.
LaTeX Font Info:    ... okay on input line 44.
LaTeX Font Info:    Checking defaults for OMS/cmsy/m/n on input line 44.
LaTeX Font Info:    ... okay on input line 44.
LaTeX Font Info:    Checking defaults for OT1/cmr/m/n on input line 44.
LaTeX Font Info:    ... okay on input line 44.
LaTeX Font Info:    Checking defaults for T1/cmr/m/n on input line 44.
LaTeX Font Info:    ... okay on input line 44.
LaTeX Font Info:    Checking defaults for TS1/cmr/m/n on input line 44.
LaTeX Font Info:    ... okay on input line 44.
LaTeX Font Info:    Checking defaults for OMX/cmex/m/n on input line 44.
LaTeX Font Info:    ... okay on input line 44.
LaTeX Font Info:    Checking defaults for U/cmr/m/n on input line 44.
LaTeX Font Info:    ... okay on input line 44.

(/nix/store/qfhla9w5z4xwnfr62vx33q6462fcjin3-texlive-combined-2022-texmfdist/te
x/context/base/mkii/supp-pdf.mkii
[Loading MPS to PDF converter (version 2006.09.02).]
\scratchcounter=\count278
\scratchdimen=\dimen167
\scratchbox=\box57
\nofMPsegments=\count279
\nofMParguments=\count280
\everyMPshowfont=\toks25
\MPscratchCnt=\count281
\MPscratchDim=\dimen168
\MPnumerator=\count282
\makeMPintoPDFobject=\count283
\everyMPtoPDFconversion=\toks26
)
(/nix/store/qfhla9w5z4xwnfr62vx33q6462fcjin3-texlive-combined-2022-texmfdist/te
x/latex/epstopdf-pkg/epstopdf-base.sty
Package: epstopdf-base 2020-01-24 v2.11 Base part for package epstopdf
Package epstopdf-base Info: Redefining graphics rule for `.eps' on input line 4
85.

(/nix/store/qfhla9w5z4xwnfr62vx33q6462fcjin3-texlive-combined-2022-texmfdist/te
x/latex/latexconfig/epstopdf-sys.cfg
File: epstopdf-sys.cfg 2010/07/13 v1.3 Configuration of (r)epstopdf for TeX Liv
e
))
LaTeX Font Info:    Trying to load font information for U+msa on input line 50.


(/nix/store/qfhla9w5z4xwnfr62vx33q6462fcjin3-texlive-combined-2022-texmfdist/te
x/latex/amsfonts/umsa.fd
File: umsa.fd 2013/01/14 v3.01 AMS symbols A
)
LaTeX Font Info:    Trying to load font information for U+msb on input line 50.


(/nix/store/qfhla9w5z4xwnfr62vx33q6462fcjin3-texlive-combined-2022-texmfdist/te
x/latex/amsfonts/umsb.fd
File: umsb.fd 2013/01/14 v3.01 AMS symbols B
)
<1.png, id=1, 1175.1102pt x 602.7318pt>
File: 1.png Graphic file (type png)
<use 1.png>
Package pdftex.def Info: 1.png  used on input line 58.
(pdftex.def)             Requested size: 614.295pt x 315.08698pt.
 [1

{/nix/store/fdy202qbz4d9794002frg8dj1mqcf5jm-texlive-combined-2022/share/texmf-
var/fonts/map/pdftex/updmap/pdftex.map} <./1.png>]
(./lab.aux) ) 
Here is how much of TeX's memory you used:
 4179 strings out of 476024
 66886 string characters out of 5769556
 1854388 words of memory out of 5000000
 24597 multiletter control sequences out of 15000+600000
 515185 words of font info for 44 fonts, out of 8000000 for 9000
 1141 hyphenation exceptions out of 8191
 57i,10n,62p,243b,210s stack positions out of 10000i,1000n,20000p,200000b,200000s
</nix/store/qfhla9w5z4xwnfr62vx33q6462fcjin3-texlive-combined-2022
-texmfdist/fonts/type1/public/amsfonts/cm/cmex10.pfb></nix/store/qfhla9w5z4xwnf
r62vx33q6462fcjin3-texlive-combined-2022-texmfdist/fonts/type1/public/amsfonts/
cm/cmmi10.pfb></nix/store/qfhla9w5z4xwnfr62vx33q6462fcjin3-texlive-combined-202
2-texmfdist/fonts/type1/public/amsfonts/cm/cmmi12.pfb></nix/store/qfhla9w5z4xwn
fr62vx33q6462fcjin3-texlive-combined-2022-texmfdist/fonts/type1/public/amsfonts
/cm/cmr10.pfb></nix/store/qfhla9w5z4xwnfr62vx33q6462fcjin3-texlive-combined-202
2-texmfdist/fonts/type1/public/amsfonts/cm/cmr12.pfb></nix/store/qfhla9w5z4xwnf
r62vx33q6462fcjin3-texlive-combined-2022-texmfdist/fonts/type1/public/amsfonts/
cm/cmr17.pfb></nix/store/qfhla9w5z4xwnfr62vx33q6462fcjin3-texlive-combined-2022
-texmfdist/fonts/type1/public/amsfonts/cm/cmsy10.pfb>
Output written on lab.pdf (1 page, 174962 bytes).
PDF statistics:
 46 PDF objects out of 1000 (max. 8388607)
 26 compressed objects within 1 object stream
 0 named destinations out of 1000 (max. 500000)
 6 words of extra memory for PDF output out of 10000 (max. 10000000)

